[debug] [2024-04-18T09:40:48.728Z] ----------------------------------------------------------------------
[debug] [2024-04-18T09:40:48.731Z] Command:       C:\Program Files\nodejs\node.exe C:\Users\91917\AppData\Roaming\npm\node_modules\firebase-tools\lib\bin\firebase.js init hosting
[debug] [2024-04-18T09:40:48.732Z] CLI Version:   13.7.3
[debug] [2024-04-18T09:40:48.732Z] Platform:      win32
[debug] [2024-04-18T09:40:48.732Z] Node Version:  v20.8.0
[debug] [2024-04-18T09:40:48.732Z] Time:          Thu Apr 18 2024 15:10:48 GMT+0530 (India Standard Time)
[debug] [2024-04-18T09:40:48.732Z] ----------------------------------------------------------------------
[debug] 
[debug] [2024-04-18T09:40:48.747Z] > command requires scopes: ["email","openid","https://www.googleapis.com/auth/cloudplatformprojects.readonly","https://www.googleapis.com/auth/firebase","https://www.googleapis.com/auth/cloud-platform"]
[debug] [2024-04-18T09:40:48.747Z] > authorizing via signed-in user (thirusherlock@gmail.com)
[info] 
     ######## #### ########  ######## ########     ###     ######  ########
     ##        ##  ##     ## ##       ##     ##  ##   ##  ##       ##
     ######    ##  ########  ######   ########  #########  ######  ######
     ##        ##  ##    ##  ##       ##     ## ##     ##       ## ##
     ##       #### ##     ## ######## ########  ##     ##  ######  ########

You're about to initialize a Firebase project in this directory:

  C:\Users\91917\shailajaias

[info] 
=== Project Setup
[info] 
[info] First, let's associate this project directory with a Firebase project.
[info] You can create multiple project aliases by running firebase use --add, 
[info] but for now we'll just set up a default project.
[info] 
[debug] [2024-04-18T09:41:02.264Z] >>> [apiv2][query] GET https://firebase.googleapis.com/v1beta1/projects pageSize=100
[debug] [2024-04-18T09:41:02.899Z] <<< [apiv2][status] GET https://firebase.googleapis.com/v1beta1/projects 200
[debug] [2024-04-18T09:41:02.900Z] <<< [apiv2][body] GET https://firebase.googleapis.com/v1beta1/projects [omitted]
[info] i  Using project shailajaias (ShailajaIAS) 
[info] 
=== Hosting Setup
[debug] [2024-04-18T09:41:07.019Z] >>> [apiv2][query] GET https://firebase.googleapis.com/v1beta1/projects/shailajaias [none]
[debug] [2024-04-18T09:41:07.350Z] <<< [apiv2][status] GET https://firebase.googleapis.com/v1beta1/projects/shailajaias 200
[debug] [2024-04-18T09:41:07.350Z] <<< [apiv2][body] GET https://firebase.googleapis.com/v1beta1/projects/shailajaias {"projectId":"shailajaias","projectNumber":"562388357978","displayName":"ShailajaIAS","name":"projects/shailajaias","resources":{"hostingSite":"shailajaias"},"state":"ACTIVE","etag":"1_83dee182-38ab-45be-a3d5-2f8e66725a5f"}
[info] 
[info] Your public directory is the folder (relative to your project directory) that
[info] will contain Hosting assets to be uploaded with firebase deploy. If you
[info] have a build process for your assets, use your build's output directory.
[info] 
[debug] [2024-04-18T09:42:15.669Z] >>> [apiv2][query] GET https://www.gstatic.com/firebasejs/releases.json [none]
[debug] [2024-04-18T09:42:15.807Z] <<< [apiv2][status] GET https://www.gstatic.com/firebasejs/releases.json 200
[debug] [2024-04-18T09:42:15.807Z] <<< [apiv2][body] GET https://www.gstatic.com/firebasejs/releases.json {"current":{"version":"10.11.0","browserURL":"https://www.gstatic.com/firebasejs/10.11.0/firebase.js","packageURL":"https://www.gstatic.com/firebasejs/10.11.0/firebase.tgz"},"live":{"version":"10.11","browserURL":"https://www.gstatic.com/firebasejs/live/10.11/firebase.js","packageURL":"https://www.gstatic.com/firebasejs/live/10.11/firebase.tgz"},"components":{"analytics":"https://www.gstatic.com/firebasejs/10.11.0/firebase-analytics.js","app":"https://www.gstatic.com/firebasejs/10.11.0/firebase-app.js","app-check":"https://www.gstatic.com/firebasejs/10.11.0/firebase-app-check.js","auth":"https://www.gstatic.com/firebasejs/10.11.0/firebase-auth.js","auth/cordova":"https://www.gstatic.com/firebasejs/10.11.0/firebase-auth/cordova.js","auth/web-extension":"https://www.gstatic.com/firebasejs/10.11.0/firebase-auth/web-extension.js","functions":"https://www.gstatic.com/firebasejs/10.11.0/firebase-functions.js","firestore":"https://www.gstatic.com/firebasejs/10.11.0/firebase-firestore.js","firestore/lite":"https://www.gstatic.com/firebasejs/10.11.0/firebase-firestore/lite.js","installations":"https://www.gstatic.com/firebasejs/10.11.0/firebase-installations.js","storage":"https://www.gstatic.com/firebasejs/10.11.0/firebase-storage.js","performance":"https://www.gstatic.com/firebasejs/10.11.0/firebase-performance.js","remote-config":"https://www.gstatic.com/firebasejs/10.11.0/firebase-remote-config.js","messaging":"https://www.gstatic.com/firebasejs/10.11.0/firebase-messaging.js","messaging/sw":"https://www.gstatic.com/firebasejs/10.11.0/firebase-messaging/sw.js","database":"https://www.gstatic.com/firebasejs/10.11.0/firebase-database.js","firestore.memory":"https://www.gstatic.com/firebasejs/10.11.0/firebase-firestore.memory.js"}}
[info] +  Wrote public/index.html 
[info] 
[info] i  Detected a .git folder at C:\Users\91917\shailajaias 
[info] i  Authorizing with GitHub to upload your service account to a GitHub repository's secrets store. 
[info] 
[info] Visit this URL on this device to log in:
[info] https://github.com/login/oauth/authorize?client_id=89cf50f02ac6aaed3484&state=315786519&redirect_uri=http%3A%2F%2Flocalhost%3A9005&scope=read%3Auser%20repo%20public_repo
[info] 
[info] Waiting for authentication...
[debug] [2024-04-18T09:42:35.906Z] >>> [apiv2][query] POST https://github.com/login/oauth/access_token [none]
[debug] [2024-04-18T09:42:35.906Z] >>> [apiv2][body] POST https://github.com/login/oauth/access_token [stream]
[debug] [2024-04-18T09:42:36.296Z] <<< [apiv2][status] POST https://github.com/login/oauth/access_token 200
[debug] [2024-04-18T09:42:36.296Z] <<< [apiv2][body] POST https://github.com/login/oauth/access_token {"access_token":"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","token_type":"bearer","scope":"read:user,repo"}
[debug] [2024-04-18T09:42:36.306Z] >>> [apiv2][query] GET https://api.github.com/user [none]
[debug] [2024-04-18T09:42:36.745Z] <<< [apiv2][status] GET https://api.github.com/user 200
[debug] [2024-04-18T09:42:36.746Z] <<< [apiv2][body] GET https://api.github.com/user {"login":"thirusherlock24","id":156169832,"node_id":"U_kgDOCU72aA","avatar_url":"https://avatars.githubusercontent.com/u/156169832?v=4","gravatar_id":"","url":"https://api.github.com/users/thirusherlock24","html_url":"https://github.com/thirusherlock24","followers_url":"https://api.github.com/users/thirusherlock24/followers","following_url":"https://api.github.com/users/thirusherlock24/following{/other_user}","gists_url":"https://api.github.com/users/thirusherlock24/gists{/gist_id}","starred_url":"https://api.github.com/users/thirusherlock24/starred{/owner}{/repo}","subscriptions_url":"https://api.github.com/users/thirusherlock24/subscriptions","organizations_url":"https://api.github.com/users/thirusherlock24/orgs","repos_url":"https://api.github.com/users/thirusherlock24/repos","events_url":"https://api.github.com/users/thirusherlock24/events{/privacy}","received_events_url":"https://api.github.com/users/thirusherlock24/received_events","type":"User","site_admin":false,"name":null,"company":null,"blog":"","location":null,"email":null,"hireable":null,"bio":null,"twitter_username":null,"public_repos":3,"public_gists":0,"followers":2,"following":1,"created_at":"2024-01-10T07:01:08Z","updated_at":"2024-04-18T09:42:32Z","private_gists":0,"total_private_repos":1,"owned_private_repos":1,"disk_usage":6568,"collaborators":0,"two_factor_authentication":false,"plan":{"name":"free","space":976562499,"collaborators":0,"private_repos":10000}}
[info] 
[info] +  Success! Logged into GitHub as thirusherlock24 
[info] 
